<?xml version="1.0" encoding="UTF-8"?>
<testsuite xmlns:xsi="http://www.w3.org/2001/XMLSchema-instance" xsi:noNamespaceSchemaLocation="https://maven.apache.org/surefire/maven-surefire-plugin/xsd/surefire-test-report-3.0.xsd" version="3.0" name="TestSuite" time="157.52" tests="5" errors="0" skipped="0" failures="1">
  <properties>
[...]
</properties>
  <testcase name="verifyLoginDDT[Valid, abc3@myorg.com, Abc@1234](1)" classname="com.tests.scenario6.TC_01_DDT_ValidateLoginWithValidAndInvalidCredDataSet" time="15.339">
    <system-out><![CDATA[2025-07-09 15:32:47 [main] WARN  io.github.bonigarcia.wdm.WebDriverManager - Exception deleting driver cache at C:\Users\kaingale\.cache\selenium
org.apache.commons.io.IOExceptionList: 1 exception(s): [org.apache.commons.io.IOIndexedException: IOException #0: Cannot delete file: C:\Users\kaingale\.cache\selenium\chromedriver]
	at org.apache.commons.io.IOExceptionList.checkEmpty(IOExceptionList.java:50)
	at org.apache.commons.io.function.IOStream.forAll(IOStream.java:357)
	at org.apache.commons.io.function.IOStreams.forAll(IOStreams.java:42)
	at org.apache.commons.io.function.IOStreams.forAll(IOStreams.java:36)
	at org.apache.commons.io.function.IOConsumer.forAll(IOConsumer.java:80)
	at org.apache.commons.io.FileUtils.cleanDirectory(FileUtils.java:381)
	at io.github.bonigarcia.wdm.WebDriverManager.clearDriverCache(WebDriverManager.java:835)
	at com.tests.BaseTest.setUp(BaseTest.java:77)
	at java.base/jdk.internal.reflect.DirectMethodHandleAccessor.invoke(DirectMethodHandleAccessor.java:103)
	at java.base/java.lang.reflect.Method.invoke(Method.java:580)
	at org.testng.internal.invokers.MethodInvocationHelper.invokeMethod(MethodInvocationHelper.java:141)
	at org.testng.internal.invokers.MethodInvocationHelper.invokeMethodConsideringTimeout(MethodInvocationHelper.java:71)
	at org.testng.internal.invokers.ConfigInvoker.invokeConfigurationMethod(ConfigInvoker.java:400)
	at org.testng.internal.invokers.ConfigInvoker.invokeConfigurations(ConfigInvoker.java:333)
	at org.testng.internal.invokers.TestMethodWorker.invokeBeforeClassMethods(TestMethodWorker.java:188)
	at org.testng.internal.invokers.TestMethodWorker.run(TestMethodWorker.java:128)
	at java.base/java.util.ArrayList.forEach(ArrayList.java:1596)
	at org.testng.TestRunner.privateRun(TestRunner.java:741)
	at org.testng.TestRunner.run(TestRunner.java:616)
	at org.testng.SuiteRunner.runTest(SuiteRunner.java:421)
	at org.testng.SuiteRunner.runSequentially(SuiteRunner.java:413)
	at org.testng.SuiteRunner.privateRun(SuiteRunner.java:373)
	at org.testng.SuiteRunner.run(SuiteRunner.java:312)
	at org.testng.SuiteRunnerWorker.runSuite(SuiteRunnerWorker.java:52)
	at org.testng.SuiteRunnerWorker.run(SuiteRunnerWorker.java:95)
	at org.testng.TestNG.runSuitesSequentially(TestNG.java:1274)
	at org.testng.TestNG.runSuitesLocally(TestNG.java:1208)
	at org.testng.TestNG.runSuites(TestNG.java:1112)
	at org.testng.TestNG.run(TestNG.java:1079)
	at org.apache.maven.surefire.testng.TestNGExecutor.run(TestNGExecutor.java:308)
	at org.apache.maven.surefire.testng.TestNGXmlTestSuite.execute(TestNGXmlTestSuite.java:71)
	at org.apache.maven.surefire.testng.TestNGProvider.invoke(TestNGProvider.java:113)
	at org.apache.maven.surefire.booter.ForkedBooter.runSuitesInProcess(ForkedBooter.java:385)
	at org.apache.maven.surefire.booter.ForkedBooter.execute(ForkedBooter.java:162)
	at org.apache.maven.surefire.booter.ForkedBooter.run(ForkedBooter.java:507)
	at org.apache.maven.surefire.booter.ForkedBooter.main(ForkedBooter.java:495)
Caused by: org.apache.commons.io.IOIndexedException: IOException #0: Cannot delete file: C:\Users\kaingale\.cache\selenium\chromedriver
	at org.apache.commons.io.function.IOStream.lambda$forAll$11(IOStream.java:352)
	at java.base/java.util.Spliterators$ArraySpliterator.forEachRemaining(Spliterators.java:1024)
	at java.base/java.util.stream.ReferencePipeline$Head.forEach(ReferencePipeline.java:762)
	at org.apache.commons.io.function.IOStream.forAll(IOStream.java:343)
	... 34 more
Caused by: java.io.IOException: Cannot delete file: C:\Users\kaingale\.cache\selenium\chromedriver
	at org.apache.commons.io.FileUtils.forceDelete(FileUtils.java:1428)
	at org.apache.commons.io.FileUtils.lambda$cleanDirectory$0(FileUtils.java:381)
	at org.apache.commons.io.function.IOStream.lambda$forAll$11(IOStream.java:345)
	... 37 more
Caused by: java.nio.file.AccessDeniedException: C:\Users\kaingale\.cache\selenium\chromedriver\win64\137.0.7151.119\chromedriver.exe
	at java.base/sun.nio.fs.WindowsException.translateToIOException(WindowsException.java:89)
	at java.base/sun.nio.fs.WindowsException.rethrowAsIOException(WindowsException.java:103)
	at java.base/sun.nio.fs.WindowsException.rethrowAsIOException(WindowsException.java:108)
	at java.base/sun.nio.fs.WindowsFileSystemProvider.implDelete(WindowsFileSystemProvider.java:273)
	at java.base/sun.nio.fs.AbstractFileSystemProvider.deleteIfExists(AbstractFileSystemProvider.java:109)
	at java.base/java.nio.file.Files.deleteIfExists(Files.java:1191)
	at org.apache.commons.io.file.DeletingPathVisitor.visitFile(DeletingPathVisitor.java:159)
	at org.apache.commons.io.file.DeletingPathVisitor.visitFile(DeletingPathVisitor.java:37)
	at java.base/java.nio.file.Files.walkFileTree(Files.java:2786)
	at java.base/java.nio.file.Files.walkFileTree(Files.java:2857)
	at org.apache.commons.io.file.PathUtils.visitFileTree(PathUtils.java:1730)
	at org.apache.commons.io.file.PathUtils.deleteDirectory(PathUtils.java:518)
	at org.apache.commons.io.file.PathUtils.delete(PathUtils.java:477)
	at org.apache.commons.io.FileUtils.forceDelete(FileUtils.java:1421)
	... 39 more
2025-07-09 15:32:49 [main] INFO  io.github.bonigarcia.wdm.WebDriverManager - Using chromedriver 137.0.7151.119 (resolved driver for Chrome 137)
2025-07-09 15:32:49 [main] INFO  io.github.bonigarcia.wdm.WebDriverManager - Exporting webdriver.chrome.driver as C:\Users\kaingale\.cache\selenium\chromedriver\win64\137.0.7151.119\chromedriver.exe
2025-07-09 15:32:58 [main] INFO  com.tests.BaseTest - == Starting TC_01_DDT_ValidateLoginWithValidAndInvalidCredDataSet ==
2025-07-09 15:32:58 [main] INFO  com.tests.BaseTest - navigating to login page
2025-07-09 15:33:00 [main] INFO  com.tests.BaseTest - entering all the sign in details and click on sign in
2025-07-09 15:33:04 [main] INFO  com.tests.BaseTest - validating DDT datasets
2025-07-09 15:33:04 [main] INFO  com.tests.BaseTest - validating DDT email: abc3@myorg.com
2025-07-09 15:33:14 [main] INFO  com.tests.BaseTest - DDT complete for: abc3@myorg.com
2025-07-09 15:33:14 [main] INFO  com.tests.BaseTest - == Finished TC_01_DDT_ValidateLoginWithValidAndInvalidCredDataSet ==
]]></system-out>
  </testcase>
  <testcase name="verifyLoginDDT[Invalid, mno@myorg.com, Abcxyz@123](2)" classname="com.tests.scenario6.TC_01_DDT_ValidateLoginWithValidAndInvalidCredDataSet" time="11.338">
    <system-out><![CDATA[2025-07-09 15:33:23 [main] INFO  com.tests.BaseTest - == Starting TC_01_DDT_ValidateLoginWithValidAndInvalidCredDataSet ==
2025-07-09 15:33:23 [main] INFO  com.tests.BaseTest - navigating to login page
2025-07-09 15:33:25 [main] INFO  com.tests.BaseTest - entering all the sign in details and click on sign in
2025-07-09 15:33:28 [main] INFO  com.tests.BaseTest - validating DDT datasets
2025-07-09 15:33:28 [main] INFO  com.tests.BaseTest - validating DDT email: mno@myorg.com
2025-07-09 15:33:35 [main] INFO  com.tests.BaseTest - DDT complete for: mno@myorg.com
2025-07-09 15:33:35 [main] INFO  com.tests.BaseTest - == Finished TC_01_DDT_ValidateLoginWithValidAndInvalidCredDataSet ==
]]></system-out>
  </testcase>
  <testcase name="verifyLoginDDT[Invalid, abc1@myorg.com, Abcasfds@133eq](3)" classname="com.tests.scenario6.TC_01_DDT_ValidateLoginWithValidAndInvalidCredDataSet" time="11.967">
    <system-out><![CDATA[2025-07-09 15:33:46 [main] INFO  com.tests.BaseTest - == Starting TC_01_DDT_ValidateLoginWithValidAndInvalidCredDataSet ==
2025-07-09 15:33:46 [main] INFO  com.tests.BaseTest - navigating to login page
2025-07-09 15:33:49 [main] INFO  com.tests.BaseTest - entering all the sign in details and click on sign in
2025-07-09 15:33:52 [main] INFO  com.tests.BaseTest - validating DDT datasets
2025-07-09 15:33:52 [main] INFO  com.tests.BaseTest - validating DDT email: abc1@myorg.com
2025-07-09 15:33:58 [main] INFO  com.tests.BaseTest - DDT complete for: abc1@myorg.com
2025-07-09 15:33:58 [main] INFO  com.tests.BaseTest - == Finished TC_01_DDT_ValidateLoginWithValidAndInvalidCredDataSet ==
]]></system-out>
  </testcase>
  <testcase name="verifyLoginDDT[Valid, roni_cost@example.com, roni_cost3@example.com](4)" classname="com.tests.scenario6.TC_01_DDT_ValidateLoginWithValidAndInvalidCredDataSet" time="14.955">
    <system-out><![CDATA[2025-07-09 15:34:07 [main] INFO  com.tests.BaseTest - == Starting TC_01_DDT_ValidateLoginWithValidAndInvalidCredDataSet ==
2025-07-09 15:34:07 [main] INFO  com.tests.BaseTest - navigating to login page
2025-07-09 15:34:09 [main] INFO  com.tests.BaseTest - entering all the sign in details and click on sign in
2025-07-09 15:34:13 [main] INFO  com.tests.BaseTest - validating DDT datasets
2025-07-09 15:34:13 [main] INFO  com.tests.BaseTest - validating DDT email: roni_cost@example.com
2025-07-09 15:34:22 [main] INFO  com.tests.BaseTest - DDT complete for: roni_cost@example.com
2025-07-09 15:34:22 [main] INFO  com.tests.BaseTest - == Finished TC_01_DDT_ValidateLoginWithValidAndInvalidCredDataSet ==
]]></system-out>
  </testcase>
  <testcase name="verifyLoginDDT[Invalid, mno@myorg.com, Abc@1234](5)" classname="com.tests.scenario6.TC_01_DDT_ValidateLoginWithValidAndInvalidCredDataSet" time="50.889">
    <failure message="Test execution failed!" type="java.lang.RuntimeException"><![CDATA[java.lang.RuntimeException: Test execution failed!
	at com.tests.scenario6.TC_01_DDT_ValidateLoginWithValidAndInvalidCredDataSet.verifyLoginDDT(TC_01_DDT_ValidateLoginWithValidAndInvalidCredDataSet.java:110)
	at java.base/jdk.internal.reflect.DirectMethodHandleAccessor.invoke(DirectMethodHandleAccessor.java:103)
	at java.base/java.lang.reflect.Method.invoke(Method.java:580)
	at org.testng.internal.invokers.MethodInvocationHelper.invokeMethod(MethodInvocationHelper.java:141)
	at org.testng.internal.invokers.TestInvoker.invokeMethod(TestInvoker.java:687)
	at org.testng.internal.invokers.TestInvoker.invokeTestMethod(TestInvoker.java:230)
	at org.testng.internal.invokers.MethodRunner.runInSequence(MethodRunner.java:63)
	at org.testng.internal.invokers.TestInvoker$MethodInvocationAgent.invoke(TestInvoker.java:995)
	at org.testng.internal.invokers.TestInvoker.invokeTestMethods(TestInvoker.java:203)
	at org.testng.internal.invokers.TestMethodWorker.invokeTestMethods(TestMethodWorker.java:154)
	at org.testng.internal.invokers.TestMethodWorker.run(TestMethodWorker.java:134)
	at java.base/java.util.ArrayList.forEach(ArrayList.java:1596)
	at org.testng.TestRunner.privateRun(TestRunner.java:741)
	at org.testng.TestRunner.run(TestRunner.java:616)
	at org.testng.SuiteRunner.runTest(SuiteRunner.java:421)
	at org.testng.SuiteRunner.runSequentially(SuiteRunner.java:413)
	at org.testng.SuiteRunner.privateRun(SuiteRunner.java:373)
	at org.testng.SuiteRunner.run(SuiteRunner.java:312)
	at org.testng.SuiteRunnerWorker.runSuite(SuiteRunnerWorker.java:52)
	at org.testng.SuiteRunnerWorker.run(SuiteRunnerWorker.java:95)
	at org.testng.TestNG.runSuitesSequentially(TestNG.java:1274)
	at org.testng.TestNG.runSuitesLocally(TestNG.java:1208)
	at org.testng.TestNG.runSuites(TestNG.java:1112)
	at org.testng.TestNG.run(TestNG.java:1079)
	at org.apache.maven.surefire.testng.TestNGExecutor.run(TestNGExecutor.java:308)
	at org.apache.maven.surefire.testng.TestNGXmlTestSuite.execute(TestNGXmlTestSuite.java:71)
	at org.apache.maven.surefire.testng.TestNGProvider.invoke(TestNGProvider.java:113)
	at org.apache.maven.surefire.booter.ForkedBooter.runSuitesInProcess(ForkedBooter.java:385)
	at org.apache.maven.surefire.booter.ForkedBooter.execute(ForkedBooter.java:162)
	at org.apache.maven.surefire.booter.ForkedBooter.run(ForkedBooter.java:507)
	at org.apache.maven.surefire.booter.ForkedBooter.main(ForkedBooter.java:495)
Caused by: org.openqa.selenium.TimeoutException: Expected condition failed: waiting for visibility of Proxy element for: AjaxElementLocator 'By.xpath: //div[contains(text(),'The account sign-in was incorrect or your account is disabled temporarily. Please wait and try again later.')]' (tried for 20 second(s) with 500 milliseconds interval)
	at org.openqa.selenium.support.ui.WebDriverWait.timeoutException(WebDriverWait.java:84)
	at org.openqa.selenium.support.ui.FluentWait.until(FluentWait.java:228)
	at com.pageObjects.BasePage.waitForVisibility(BasePage.java:59)
	at com.pageObjects.LoginPage.isSignInErrorMsgDisplayed(LoginPage.java:59)
	at com.tests.scenario6.TC_01_DDT_ValidateLoginWithValidAndInvalidCredDataSet.verifyLoginDDT(TC_01_DDT_ValidateLoginWithValidAndInvalidCredDataSet.java:97)
	... 30 more
Caused by: org.openqa.selenium.NoSuchElementException: Timed out after 15 seconds. Unable to locate the element
	at org.openqa.selenium.support.pagefactory.AjaxElementLocator.findElement(AjaxElementLocator.java:91)
	at org.openqa.selenium.support.pagefactory.internal.LocatingElementHandler.invoke(LocatingElementHandler.java:38)
	at jdk.proxy2/jdk.proxy2.$Proxy32.isDisplayed(Unknown Source)
	at org.openqa.selenium.support.ui.ExpectedConditions.elementIfVisible(ExpectedConditions.java:304)
	at org.openqa.selenium.support.ui.ExpectedConditions$10.apply(ExpectedConditions.java:290)
	at org.openqa.selenium.support.ui.ExpectedConditions$10.apply(ExpectedConditions.java:287)
	at org.openqa.selenium.support.ui.FluentWait.until(FluentWait.java:203)
	... 33 more
Caused by: org.openqa.selenium.NoSuchElementException: no such element: Unable to locate element: {"method":"xpath","selector":"//div[contains(text(),'The account sign-in was incorrect or your account is disabled temporarily. Please wait and try again later.')]"}
  (Session info: chrome=137.0.7151.122)
For documentation on this error, please visit: https://www.selenium.dev/documentation/webdriver/troubleshooting/errors#no-such-element-exception
Build info: version: '4.33.0', revision: '2c6aaad03a'
System info: os.name: 'Windows 11', os.arch: 'amd64', os.version: '10.0', java.version: '21.0.7'
Driver info: org.openqa.selenium.chrome.ChromeDriver
Command: [c2adcdbbedef8a01792791425f788b06, findElement {value=//div[contains(text(),'The account sign-in was incorrect or your account is disabled temporarily. Please wait and try again later.')], using=xpath}]
Capabilities {acceptInsecureCerts: false, browserName: chrome, browserVersion: 137.0.7151.122, chrome: {chromedriverVersion: 137.0.7151.119 (e0ac9d12dff..., userDataDir: C:\Users\kaingale\AppData\L...}, fedcm:accounts: true, goog:chromeOptions: {debuggerAddress: localhost:65337}, networkConnectionEnabled: false, pageLoadStrategy: normal, platformName: windows, proxy: Proxy(), se:cdp: ws://localhost:65337/devtoo..., se:cdpVersion: 137.0.7151.122, setWindowRect: true, strictFileInteractability: false, timeouts: {implicit: 0, pageLoad: 300000, script: 30000}, unhandledPromptBehavior: dismiss and notify, webauthn:extension:credBlob: true, webauthn:extension:largeBlob: true, webauthn:extension:minPinLength: true, webauthn:extension:prf: true, webauthn:virtualAuthenticators: true}
Session ID: c2adcdbbedef8a01792791425f788b06
	at java.base/jdk.internal.reflect.DirectConstructorHandleAccessor.newInstance(DirectConstructorHandleAccessor.java:62)
	at java.base/java.lang.reflect.Constructor.newInstanceWithCaller(Constructor.java:502)
	at java.base/java.lang.reflect.Constructor.newInstance(Constructor.java:486)
	at org.openqa.selenium.remote.ErrorCodec.decode(ErrorCodec.java:167)
	at org.openqa.selenium.remote.codec.w3c.W3CHttpResponseCodec.decode(W3CHttpResponseCodec.java:138)
	at org.openqa.selenium.remote.codec.w3c.W3CHttpResponseCodec.decode(W3CHttpResponseCodec.java:50)
	at org.openqa.selenium.remote.HttpCommandExecutor.execute(HttpCommandExecutor.java:215)
	at org.openqa.selenium.remote.service.DriverCommandExecutor.invokeExecute(DriverCommandExecutor.java:216)
	at org.openqa.selenium.remote.service.DriverCommandExecutor.execute(DriverCommandExecutor.java:174)
	at org.openqa.selenium.remote.RemoteWebDriver.execute(RemoteWebDriver.java:544)
	at org.openqa.selenium.remote.ElementLocation$ElementFinder$2.findElement(ElementLocation.java:165)
	at org.openqa.selenium.remote.ElementLocation.findElement(ElementLocation.java:59)
	at org.openqa.selenium.remote.RemoteWebDriver.findElement(RemoteWebDriver.java:367)
	at org.openqa.selenium.remote.RemoteWebDriver.findElement(RemoteWebDriver.java:361)
	at org.openqa.selenium.support.pagefactory.DefaultElementLocator.findElement(DefaultElementLocator.java:68)
	at org.openqa.selenium.support.pagefactory.AjaxElementLocator.access$001(AjaxElementLocator.java:39)
	at org.openqa.selenium.support.pagefactory.AjaxElementLocator$SlowLoadingElement.isLoaded(AjaxElementLocator.java:157)
	at org.openqa.selenium.support.ui.SlowLoadableComponent.get(SlowLoadableComponent.java:71)
	at org.openqa.selenium.support.pagefactory.AjaxElementLocator.findElement(AjaxElementLocator.java:87)
	... 39 more
]]></failure>
    <system-out><![CDATA[2025-07-09 15:34:30 [main] INFO  com.tests.BaseTest - == Starting TC_01_DDT_ValidateLoginWithValidAndInvalidCredDataSet ==
2025-07-09 15:34:30 [main] INFO  com.tests.BaseTest - navigating to login page
2025-07-09 15:34:32 [main] INFO  com.tests.BaseTest - entering all the sign in details and click on sign in
2025-07-09 15:34:33 [main] INFO  com.tests.BaseTest - validating DDT datasets
2025-07-09 15:34:33 [main] INFO  com.tests.BaseTest - validating DDT email: mno@myorg.com
2025-07-09 15:35:21 [main] ERROR com.tests.BaseTest - Test failed due to an exception in catch block: Expected condition failed: waiting for visibility of Proxy element for: AjaxElementLocator 'By.xpath: //div[contains(text(),'The account sign-in was incorrect or your account is disabled temporarily. Please wait and try again later.')]' (tried for 20 second(s) with 500 milliseconds interval)
Retry attempt #1 for test: verifyLoginDDT
Not retrying test 'verifyLoginDDT' because exception is not retryable: RuntimeException
]]></system-out>
  </testcase>
</testsuite>