<?xml version="1.0" encoding="UTF-8"?>
<testng-results ignored="0" total="1" passed="1" failed="0" skipped="0">
  <reporter-output>
  </reporter-output>
  <suite started-at="2025-07-09T11:57:24 IST" name="MasterSuite" finished-at="2025-07-09T11:58:48 IST" duration-ms="83321">
    <groups>
    </groups>
    <test started-at="2025-07-09T11:57:24 IST" name="Test" finished-at="2025-07-09T11:58:48 IST" duration-ms="83321">
      <class name="com.tests.scenario5.TC_01_ChkOutFunc_ValidateCheckoutFunctionalityTest">
        <test-method is-config="true" signature="setUp(java.lang.String,java.lang.String)[pri:0, instance:com.tests.scenario5.TC_01_ChkOutFunc_ValidateCheckoutFunctionalityTest@2ceb80a1]" started-at="2025-07-09T11:57:24 IST" name="setUp" finished-at="2025-07-09T11:57:35 IST" duration-ms="10542" status="PASS">
          <params>
            <param index="0">
              <value>
                <![CDATA[Windows]]>
              </value>
            </param>
            <param index="1">
              <value>
                <![CDATA[chrome]]>
              </value>
            </param>
          </params>
          <reporter-output>
          </reporter-output>
        </test-method> <!-- setUp -->
        <test-method signature="verifyCheckoutFunctionlity()[pri:0, instance:com.tests.scenario5.TC_01_ChkOutFunc_ValidateCheckoutFunctionalityTest@2ceb80a1]" started-at="2025-07-09T11:57:35 IST" name="verifyCheckoutFunctionlity" finished-at="2025-07-09T11:58:47 IST" duration-ms="72402" status="PASS">
          <reporter-output>
          </reporter-output>
        </test-method> <!-- verifyCheckoutFunctionlity -->
        <test-method is-config="true" signature="tearDown()[pri:0, instance:com.tests.scenario5.TC_01_ChkOutFunc_ValidateCheckoutFunctionalityTest@2ceb80a1]" started-at="2025-07-09T11:58:47 IST" name="tearDown" finished-at="2025-07-09T11:58:48 IST" duration-ms="336" status="PASS">
          <reporter-output>
          </reporter-output>
        </test-method> <!-- tearDown -->
      </class> <!-- com.tests.scenario5.TC_01_ChkOutFunc_ValidateCheckoutFunctionalityTest -->
    </test> <!-- Test -->
  </suite> <!-- MasterSuite -->
</testng-results>
