<?xml version="1.0" encoding="UTF-8"?>
<testng-results ignored="0" total="1" passed="1" failed="0" skipped="0">
  <reporter-output>
  </reporter-output>
  <suite started-at="2025-06-30T00:21:18 IST" name="Default suite" finished-at="2025-06-30T00:24:10 IST" duration-ms="171274">
    <groups>
    </groups>
    <test started-at="2025-06-30T00:21:18 IST" name="Default test" finished-at="2025-06-30T00:24:10 IST" duration-ms="171274">
      <class name="com.tests.scenario5.TC_01_ChkOutFunc_ValidateCheckoutFunctionalityTest">
        <test-method is-config="true" signature="setUp(java.lang.String,java.lang.String)[pri:0, instance:com.tests.scenario5.TC_01_ChkOutFunc_ValidateCheckoutFunctionalityTest@1522d8a0]" started-at="2025-06-30T00:21:18 IST" name="setUp" finished-at="2025-06-30T00:21:32 IST" duration-ms="13134" status="PASS">
          <params>
            <param index="0">
              <value>
                <![CDATA[Windows]]>
              </value>
            </param>
            <param index="1">
              <value>
                <![CDATA[chrome]]>
              </value>
            </param>
          </params>
          <reporter-output>
          </reporter-output>
        </test-method> <!-- setUp -->
        <test-method signature="verifyCheckoutFunctionlity()[pri:0, instance:com.tests.scenario5.TC_01_ChkOutFunc_ValidateCheckoutFunctionalityTest@1522d8a0]" started-at="2025-06-30T00:21:32 IST" name="verifyCheckoutFunctionlity" finished-at="2025-06-30T00:24:09 IST" duration-ms="157694" status="PASS">
          <reporter-output>
          </reporter-output>
        </test-method> <!-- verifyCheckoutFunctionlity -->
        <test-method is-config="true" signature="tearDown()[pri:0, instance:com.tests.scenario5.TC_01_ChkOutFunc_ValidateCheckoutFunctionalityTest@1522d8a0]" started-at="2025-06-30T00:24:09 IST" name="tearDown" finished-at="2025-06-30T00:24:10 IST" duration-ms="409" status="PASS">
          <reporter-output>
          </reporter-output>
        </test-method> <!-- tearDown -->
      </class> <!-- com.tests.scenario5.TC_01_ChkOutFunc_ValidateCheckoutFunctionalityTest -->
    </test> <!-- Default test -->
  </suite> <!-- Default suite -->
</testng-results>
